<?xml version="1.0" encoding="UTF-8"?>
<!-- Generated by org.testng.reporters.JUnitReportReporter -->
<testsuite skipped="0" hostname="onebill-Latitude-3410" name="com.amazon.watch.LoginToAmazonTest" tests="1" failures="0" timestamp="23 Aug 2021 14:14:33 GMT" time="1.919" errors="0">
  <testcase name="login" time="1.919" classname="com.amazon.watch.LoginToAmazonTest"/>
</testsuite> <!-- com.amazon.watch.LoginToAmazonTest -->
