<?xml version="1.0" encoding="UTF-8"?>
<!-- Generated by org.testng.reporters.JUnitReportReporter -->
<testsuite skipped="0" hostname="onebill-Latitude-3410" name="com.amazon.watch.AdhocScenari1Test" tests="1" failures="0" timestamp="22 Aug 2021 13:12:41 GMT" time="1.527" errors="0">
  <testcase name="adhoc1" time="1.527" classname="com.amazon.watch.AdhocScenari1Test"/>
</testsuite> <!-- com.amazon.watch.AdhocScenari1Test -->
