<?xml version="1.0" encoding="UTF-8"?>
<!-- Generated by org.testng.reporters.JUnitReportReporter -->
<testsuite skipped="0" hostname="onebill-Latitude-3410" name="com.amazon.watch.AddWatchToCartTest" tests="1" failures="0" timestamp="23 Aug 2021 14:14:33 GMT" time="98582.086" errors="0">
  <testcase name="add" time="98582.086" classname="com.amazon.watch.AddWatchToCartTest"/>
</testsuite> <!-- com.amazon.watch.AddWatchToCartTest -->
