<?xml version="1.0" encoding="UTF-8"?>
<!-- Generated by org.testng.reporters.JUnitReportReporter -->
<testsuite skipped="0" hostname="onebill-Latitude-3410" name="com.amazon.watch.NegativeScenario2" tests="1" failures="0" timestamp="23 Aug 2021 12:57:56 GMT" time="24.405" errors="0">
  <testcase name="addsolarpanel" time="24.405" classname="com.amazon.watch.NegativeScenario2"/>
</testsuite> <!-- com.amazon.watch.NegativeScenario2 -->
