<?xml version="1.0" encoding="UTF-8"?>
<!-- Generated by org.testng.reporters.JUnitReportReporter -->
<testsuite skipped="0" hostname="onebill-Latitude-3410" name="com.amazon.mobile.LogoutToAmazonTest" tests="1" failures="0" timestamp="22 Aug 2021 09:29:02 GMT" time="1.190" errors="0">
  <testcase name="logout" time="1.190" classname="com.amazon.mobile.LogoutToAmazonTest"/>
</testsuite> <!-- com.amazon.mobile.LogoutToAmazonTest -->
