<?xml version="1.0" encoding="UTF-8"?>
<!-- Generated by org.testng.reporters.JUnitReportReporter -->
<testsuite skipped="0" hostname="onebill-Latitude-3410" name="com.pms.commonutils.BaseClass" tests="1" failures="0" timestamp="21 Aug 2021 10:27:20 GMT" time="5.886" errors="0">
  <testcase name="ConfigBeforeClass" time="5.886" classname="com.pms.commonutils.BaseClass"/>
</testsuite> <!-- com.pms.commonutils.BaseClass -->
