<?xml version="1.0" encoding="UTF-8"?>
<!-- Generated by org.testng.reporters.JUnitReportReporter -->
<testsuite skipped="0" hostname="onebill-Latitude-3410" name="com.amazon.mobile.AddWatchToCartTest" tests="1" failures="0" timestamp="22 Aug 2021 09:28:33 GMT" time="13.049" errors="0">
  <testcase name="add" time="13.049" classname="com.amazon.mobile.AddWatchToCartTest"/>
</testsuite> <!-- com.amazon.mobile.AddWatchToCartTest -->
