<?xml version="1.0" encoding="UTF-8"?>
<!-- Generated by org.testng.reporters.JUnitReportReporter -->
<testsuite skipped="0" hostname="onebill-Latitude-3410" name="com.amazon.watch.NegativeScenario1" tests="1" failures="0" timestamp="23 Aug 2021 12:53:19 GMT" time="19.926" errors="0">
  <testcase name="addsolarpanel" time="19.926" classname="com.amazon.watch.NegativeScenario1"/>
</testsuite> <!-- com.amazon.watch.NegativeScenario1 -->
