<?xml version="1.0" encoding="UTF-8"?>
<!-- Generated by org.testng.reporters.JUnitReportReporter -->
<testsuite skipped="0" hostname="onebill-Latitude-3410" name="com.amazon.search.New" tests="1" failures="0" timestamp="21 Aug 2021 14:46:11 GMT" time="4.933" errors="0">
  <testcase name="add" time="4.933" classname="com.amazon.search.New"/>
</testsuite> <!-- com.amazon.search.New -->
